<?xml version="1.0" encoding="UTF-8" ?>
<testsuite tests="1" failures="1" name="test.FinalTest" time="65.143" errors="0" skipped="0">
  <properties>
[...]
</properties>
  <testcase classname="test.FinalTest" name="f" time="65.143">
    <failure message="javascript error: arguments[0].onmouseover is not a function
  (Session info: chrome=102.0.5005.63)
Build info: version: &apos;4.5.0&apos;, revision: &apos;fe167b119a&apos;
System info: os.name: &apos;Windows 10&apos;, os.arch: &apos;amd64&apos;, os.version: &apos;10.0&apos;, java.version: &apos;18.0.2.1&apos;
Driver info: org.openqa.selenium.chrome.ChromeDriver
Command: [1bac8435fb2c0ac8d04427977ac79627, executeScript {script=arguments[0].onmouseover();, args=[{ELEMENT=2bc2573f-9076-45cb-946b-7657d7c8c73f, element-6066-11e4-a52e-4f735466cecf=2bc2573f-9076-45cb-946b-7657d7c8c73f}]}]
Capabilities {acceptInsecureCerts: false, browserName: chrome, browserVersion: 102.0.5005.63, chrome: {chromedriverVersion: 102.0.5005.61 (0e59bcc00cc4..., userDataDir: C:\Windows\TEMP\scoped_dir7...}, goog:chromeOptions: {debuggerAddress: localhost:63054}, networkConnectionEnabled: false, pageLoadStrategy: normal, platformName: WINDOWS, proxy: Proxy(), se:cdp: ws://localhost:63054/devtoo..., se:cdpVersion: 102.0.5005.63, setWindowRect: true, strictFileInteractability: false, timeouts: {implicit: 0, pageLoad: 300000, script: 30000}, unhandledPromptBehavior: dismiss and notify, webauthn:extension:credBlob: true, webauthn:extension:largeBlob: true, webauthn:virtualAuthenticators: true}
Session ID: 1bac8435fb2c0ac8d04427977ac79627" type="org.openqa.selenium.JavascriptException">org.openqa.selenium.JavascriptException: javascript error: arguments[0].onmouseover is not a function
  (Session info: chrome=102.0.5005.63)
Build info: version: &apos;4.5.0&apos;, revision: &apos;fe167b119a&apos;
System info: os.name: &apos;Windows 10&apos;, os.arch: &apos;amd64&apos;, os.version: &apos;10.0&apos;, java.version: &apos;18.0.2.1&apos;
Driver info: org.openqa.selenium.chrome.ChromeDriver
Command: [1bac8435fb2c0ac8d04427977ac79627, executeScript {script=arguments[0].onmouseover();, args=[{ELEMENT=2bc2573f-9076-45cb-946b-7657d7c8c73f, element-6066-11e4-a52e-4f735466cecf=2bc2573f-9076-45cb-946b-7657d7c8c73f}]}]
Capabilities {acceptInsecureCerts: false, browserName: chrome, browserVersion: 102.0.5005.63, chrome: {chromedriverVersion: 102.0.5005.61 (0e59bcc00cc4..., userDataDir: C:\Windows\TEMP\scoped_dir7...}, goog:chromeOptions: {debuggerAddress: localhost:63054}, networkConnectionEnabled: false, pageLoadStrategy: normal, platformName: WINDOWS, proxy: Proxy(), se:cdp: ws://localhost:63054/devtoo..., se:cdpVersion: 102.0.5005.63, setWindowRect: true, strictFileInteractability: false, timeouts: {implicit: 0, pageLoad: 300000, script: 30000}, unhandledPromptBehavior: dismiss and notify, webauthn:extension:credBlob: true, webauthn:extension:largeBlob: true, webauthn:virtualAuthenticators: true}
Session ID: 1bac8435fb2c0ac8d04427977ac79627
	at java.base/jdk.internal.reflect.DirectConstructorHandleAccessor.newInstance(DirectConstructorHandleAccessor.java:67)
	at java.base/java.lang.reflect.Constructor.newInstanceWithCaller(Constructor.java:499)
	at java.base/java.lang.reflect.Constructor.newInstance(Constructor.java:483)
	at org.openqa.selenium.remote.codec.w3c.W3CHttpResponseCodec.createException(W3CHttpResponseCodec.java:200)
	at org.openqa.selenium.remote.codec.w3c.W3CHttpResponseCodec.decode(W3CHttpResponseCodec.java:133)
	at org.openqa.selenium.remote.codec.w3c.W3CHttpResponseCodec.decode(W3CHttpResponseCodec.java:53)
	at org.openqa.selenium.remote.HttpCommandExecutor.execute(HttpCommandExecutor.java:184)
	at org.openqa.selenium.remote.service.DriverCommandExecutor.invokeExecute(DriverCommandExecutor.java:167)
	at org.openqa.selenium.remote.service.DriverCommandExecutor.execute(DriverCommandExecutor.java:142)
	at org.openqa.selenium.remote.RemoteWebDriver.execute(RemoteWebDriver.java:547)
	at org.openqa.selenium.remote.RemoteWebDriver.executeScript(RemoteWebDriver.java:481)
	at pages.AddCart.addAction(AddCart.java:44)
	at test.FinalTest.f(FinalTest.java:58)
</failure>
    <system-out>Configuring TestNG with: org.apache.maven.surefire.testng.conf.TestNG652Configurator@6fe7aac8
[DEBUG] [Graph] ADDING NODE FinalTest.beforeTest()[pri:0, instance:null] -828876740
[DEBUG] [Graph] ================ SORTING
[DEBUG] [Graph] =============== DONE SORTING
[DEBUG] [Graph] ====== SORTED NODES
[DEBUG] [Graph] ====== END SORTED NODES
[DEBUG] [Graph] ADDING NODE FinalTest.afterTest()[pri:0, instance:null] -324007871
[DEBUG] [Graph] ================ SORTING
[DEBUG] [Graph] =============== DONE SORTING
[DEBUG] [Graph] ====== SORTED NODES
[DEBUG] [Graph] ====== END SORTED NODES
[DEBUG] [Graph] ADDING NODE FinalTest.beforeTest()[pri:0, instance:test.FinalTest@49c7b90e] 1312450642
[DEBUG] [Graph] ================ SORTING
[DEBUG] [Graph] =============== DONE SORTING
[DEBUG] [Graph] ====== SORTED NODES
[DEBUG] [Graph] ====== END SORTED NODES
[DEBUG] [Graph] ADDING NODE FinalTest.f()[pri:0, instance:test.FinalTest@49c7b90e] -2023334587
[DEBUG] [Graph] ================ SORTING
[DEBUG] [Graph] =============== DONE SORTING
[DEBUG] [Graph] ====== SORTED NODES
[DEBUG] [Graph] ====== END SORTED NODES
[DEBUG] [Graph] ADDING NODE FinalTest.afterTest()[pri:0, instance:test.FinalTest@49c7b90e] -216483603
[DEBUG] [Graph] ================ SORTING
[DEBUG] [Graph] =============== DONE SORTING
[DEBUG] [Graph] ====== SORTED NODES
[DEBUG] [Graph] ====== END SORTED NODES
[DEBUG] Using SLF4J as the default logging framework
[DEBUG] -Dio.netty.leakDetection.level: simple
[DEBUG] -Dio.netty.leakDetection.targetRecords: 4
[DEBUG] Loaded default ResourceLeakDetector: io.netty.util.ResourceLeakDetector@47a86fbb
[DEBUG] -Dio.netty.noUnsafe: false
[DEBUG] Java version: 18
[DEBUG] sun.misc.Unsafe.theUnsafe: available
[DEBUG] sun.misc.Unsafe.copyMemory: available
[DEBUG] sun.misc.Unsafe.storeFence: available
[DEBUG] java.nio.Buffer.address: available
[DEBUG] direct buffer constructor: unavailable: Reflective setAccessible(true) disabled
[DEBUG] java.nio.Bits.unaligned: available, true
[DEBUG] jdk.internal.misc.Unsafe.allocateUninitializedArray(int): unavailable: class io.netty.util.internal.PlatformDependent0$7 cannot access class jdk.internal.misc.Unsafe (in module java.base) because module java.base does not export jdk.internal.misc to unnamed module @38e79ae3
[DEBUG] java.nio.DirectByteBuffer.&lt;init&gt;(long, int): unavailable
[DEBUG] sun.misc.Unsafe: available
[DEBUG] maxDirectMemory: 4294967296 bytes (maybe)
[DEBUG] -Dio.netty.tmpdir: C:\Windows\TEMP (java.io.tmpdir)
[DEBUG] -Dio.netty.bitMode: 64 (sun.arch.data.model)
[DEBUG] Platform: Windows
[DEBUG] -Dio.netty.maxDirectMemory: -1 bytes
[DEBUG] -Dio.netty.uninitializedArrayAllocationThreshold: -1
[DEBUG] java.nio.ByteBuffer.cleaner(): available
[DEBUG] -Dio.netty.noPreferDirect: false
[DEBUG] org.jctools-core.MpscChunkedArrayQueue: available
[DEBUG] -Dio.netty.threadLocalMap.stringBuilder.initialSize: 1024
[DEBUG] -Dio.netty.threadLocalMap.stringBuilder.maxSize: 4096
[DEBUG] Default protocols (JDK): [TLSv1.3, TLSv1.2] 
[DEBUG] Default cipher suites (JDK): [TLS_ECDHE_ECDSA_WITH_AES_256_GCM_SHA384, TLS_ECDHE_ECDSA_WITH_AES_128_GCM_SHA256, TLS_ECDHE_RSA_WITH_AES_128_GCM_SHA256, TLS_ECDHE_RSA_WITH_AES_256_GCM_SHA384, TLS_ECDHE_RSA_WITH_AES_128_CBC_SHA, TLS_ECDHE_RSA_WITH_AES_256_CBC_SHA, TLS_RSA_WITH_AES_128_GCM_SHA256, TLS_RSA_WITH_AES_128_CBC_SHA, TLS_RSA_WITH_AES_256_CBC_SHA, TLS_AES_128_GCM_SHA256, TLS_AES_256_GCM_SHA384]
[DEBUG] -Dio.netty.eventLoopThreads: 8
[DEBUG] -Dio.netty.noKeySetOptimization: false
[DEBUG] -Dio.netty.selectorAutoRebuildThreshold: 512
[DEBUG] -Dio.netty.allocator.numHeapArenas: 8
[DEBUG] -Dio.netty.allocator.numDirectArenas: 8
[DEBUG] -Dio.netty.allocator.pageSize: 8192
[DEBUG] -Dio.netty.allocator.maxOrder: 9
[DEBUG] -Dio.netty.allocator.chunkSize: 4194304
[DEBUG] -Dio.netty.allocator.smallCacheSize: 256
[DEBUG] -Dio.netty.allocator.normalCacheSize: 64
[DEBUG] -Dio.netty.allocator.maxCachedBufferCapacity: 32768
[DEBUG] -Dio.netty.allocator.cacheTrimInterval: 8192
[DEBUG] -Dio.netty.allocator.cacheTrimIntervalMillis: 0
[DEBUG] -Dio.netty.allocator.useCacheForAllThreads: false
[DEBUG] -Dio.netty.allocator.maxCachedByteBuffersPerChunk: 1023
[DEBUG] -Dio.netty.allocator.type: pooled
[DEBUG] -Dio.netty.threadLocalDirectBufferSize: 0
[DEBUG] -Dio.netty.maxThreadLocalCharBufferSize: 16384
[DEBUG] -Dio.netty.processId: 4620 (auto-detected)
[DEBUG] -Djava.net.preferIPv4Stack: false
[DEBUG] -Djava.net.preferIPv6Addresses: false
[DEBUG] Loopback interface: lo (Software Loopback Interface 1, 127.0.0.1)
[DEBUG] Failed to get SOMAXCONN from sysctl and file \proc\sys\net\core\somaxconn. Default: 200
[DEBUG] -Dio.netty.machineId: 00:50:56:ff:fe:92:e8:a2 (auto-detected)
[DEBUG] -Dio.netty.buffer.checkAccessible: true
[DEBUG] -Dio.netty.buffer.checkBounds: true
[DEBUG] Loaded default ResourceLeakDetector: io.netty.util.ResourceLeakDetector@6934ff1d
[DEBUG] Using new Channel &apos;[id: 0x4cf4ea7b, L:/127.0.0.1:63053 - R:localhost/127.0.0.1:57841]&apos; for &apos;POST&apos; to &apos;/session&apos;
[DEBUG] -Dio.netty.recycler.maxCapacityPerThread: 4096
[DEBUG] -Dio.netty.recycler.ratio: 8
[DEBUG] -Dio.netty.recycler.chunkSize: 32
[DEBUG] -Dio.netty.recycler.blocking: false
[DEBUG] brotli4j not in the classpath; Brotli support will be unavailable.
[DEBUG] 

Request DefaultHttpRequest(decodeResult: success, version: HTTP/1.1)
POST /session HTTP/1.1
User-Agent: selenium/4.5.0 (java windows)
Content-Length: 365
Content-Type: application/json; charset=utf-8
host: localhost:57841
accept: */*

Response DefaultHttpResponse(decodeResult: success, version: HTTP/1.1)
HTTP/1.1 200 OK
Content-Type: application/json; charset=utf-8
cache-control: no-cache
content-length: 767

[DEBUG] Adding key: http://localhost:57841 for channel [id: 0x4cf4ea7b, L:/127.0.0.1:63053 - R:localhost/127.0.0.1:57841]
[DEBUG] Using new Channel &apos;[id: 0x70391cc2, L:/127.0.0.1:63060 - R:localhost/127.0.0.1:63054]&apos; for &apos;GET&apos; to &apos;/json/version&apos;
[DEBUG] 

Request DefaultFullHttpRequest(decodeResult: success, version: HTTP/1.1, content: EmptyByteBufBE)
GET /json/version HTTP/1.1
User-Agent: selenium/4.5.0 (java windows)
host: localhost:63054
accept: */*

Response DefaultHttpResponse(decodeResult: success, version: HTTP/1.1)
HTTP/1.1 200 OK
Content-Type: application/json; charset=UTF-8
content-length: 426

[DEBUG] Adding key: http://localhost:63054 for channel [id: 0x70391cc2, L:/127.0.0.1:63060 - R:localhost/127.0.0.1:63054]
[DEBUG] -Dio.netty.initialSeedUniquifier: 0xc0942a6a2e3fe2e9
[DEBUG] Using new Channel &apos;[id: 0x4a13cd88, L:/127.0.0.1:63062 - R:localhost/127.0.0.1:63054]&apos; for &apos;GET&apos; to &apos;/devtools/browser/e8448685-ad65-41b3-935e-4d770fd154e2&apos;
[DEBUG] 

Request DefaultFullHttpRequest(decodeResult: success, version: HTTP/1.1, content: EmptyByteBufBE)
GET /devtools/browser/e8448685-ad65-41b3-935e-4d770fd154e2 HTTP/1.1
upgrade: websocket
connection: upgrade
sec-websocket-key: b3ox2uLpip530xDjVE5/7w==
sec-websocket-version: 13
origin: http://localhost:63054
host: localhost:63054
accept: */*
user-agent: AHC/2.1

Response DefaultHttpResponse(decodeResult: success, version: HTTP/1.1)
HTTP/1.1 101 WebSocket Protocol Handshake
Upgrade: WebSocket
Connection: Upgrade
Sec-WebSocket-Accept: bzv8yAutsQ1zGRldNDdiiBq3o7w=

[DEBUG] Using pooled Channel &apos;[id: 0x4cf4ea7b, L:/127.0.0.1:63053 - R:localhost/127.0.0.1:57841]&apos; for &apos;POST&apos; to &apos;http://localhost:57841/session/1bac8435fb2c0ac8d04427977ac79627/url&apos;
[DEBUG] Using open Channel [id: 0x4cf4ea7b, L:/127.0.0.1:63053 - R:localhost/127.0.0.1:57841] for POST &apos;/session/1bac8435fb2c0ac8d04427977ac79627/url&apos;
[DEBUG] Entry count for : http://localhost:63054 : 1
[DEBUG] Entry count for : http://localhost:63054 : 1
[DEBUG] Entry count for : http://localhost:63054 : 1
[DEBUG] Entry count for : http://localhost:63054 : 1
[DEBUG] Entry count for : http://localhost:63054 : 1
[DEBUG] Entry count for : http://localhost:63054 : 1
[DEBUG] Entry count for : http://localhost:63054 : 1
[DEBUG] Entry count for : http://localhost:63054 : 1
[DEBUG] Entry count for : http://localhost:63054 : 1
[DEBUG] 

Request DefaultHttpRequest(decodeResult: success, version: HTTP/1.1)
POST /session/1bac8435fb2c0ac8d04427977ac79627/url HTTP/1.1
User-Agent: selenium/4.5.0 (java windows)
Content-Length: 50
Content-Type: application/json; charset=utf-8
host: localhost:57841
accept: */*

Response DefaultHttpResponse(decodeResult: success, version: HTTP/1.1)
HTTP/1.1 200 OK
Content-Type: application/json; charset=utf-8
cache-control: no-cache
content-length: 14

[DEBUG] Adding key: http://localhost:57841 for channel [id: 0x4cf4ea7b, L:/127.0.0.1:63053 - R:localhost/127.0.0.1:57841]
[DEBUG] Using pooled Channel &apos;[id: 0x4cf4ea7b, L:/127.0.0.1:63053 - R:localhost/127.0.0.1:57841]&apos; for &apos;POST&apos; to &apos;http://localhost:57841/session/1bac8435fb2c0ac8d04427977ac79627/window/maximize&apos;
[DEBUG] Using open Channel [id: 0x4cf4ea7b, L:/127.0.0.1:63053 - R:localhost/127.0.0.1:57841] for POST &apos;/session/1bac8435fb2c0ac8d04427977ac79627/window/maximize&apos;
[DEBUG] 

Request DefaultHttpRequest(decodeResult: success, version: HTTP/1.1)
POST /session/1bac8435fb2c0ac8d04427977ac79627/window/maximize HTTP/1.1
User-Agent: selenium/4.5.0 (java windows)
Content-Length: 3
Content-Type: application/json; charset=utf-8
host: localhost:57841
accept: */*

Response DefaultHttpResponse(decodeResult: success, version: HTTP/1.1)
HTTP/1.1 200 OK
Content-Type: application/json; charset=utf-8
cache-control: no-cache
content-length: 51

[DEBUG] Adding key: http://localhost:57841 for channel [id: 0x4cf4ea7b, L:/127.0.0.1:63053 - R:localhost/127.0.0.1:57841]
[DEBUG] Using pooled Channel &apos;[id: 0x4cf4ea7b, L:/127.0.0.1:63053 - R:localhost/127.0.0.1:57841]&apos; for &apos;POST&apos; to &apos;http://localhost:57841/session/1bac8435fb2c0ac8d04427977ac79627/element&apos;
[DEBUG] Using open Channel [id: 0x4cf4ea7b, L:/127.0.0.1:63053 - R:localhost/127.0.0.1:57841] for POST &apos;/session/1bac8435fb2c0ac8d04427977ac79627/element&apos;
[DEBUG] Entry count for : http://localhost:63054 : 1
[DEBUG] 

Request DefaultHttpRequest(decodeResult: success, version: HTTP/1.1)
POST /session/1bac8435fb2c0ac8d04427977ac79627/element HTTP/1.1
User-Agent: selenium/4.5.0 (java windows)
Content-Length: 81
Content-Type: application/json; charset=utf-8
host: localhost:57841
accept: */*

Response DefaultHttpResponse(decodeResult: success, version: HTTP/1.1)
HTTP/1.1 200 OK
Content-Type: application/json; charset=utf-8
cache-control: no-cache
content-length: 88

[DEBUG] Adding key: http://localhost:57841 for channel [id: 0x4cf4ea7b, L:/127.0.0.1:63053 - R:localhost/127.0.0.1:57841]
[DEBUG] Using pooled Channel &apos;[id: 0x4cf4ea7b, L:/127.0.0.1:63053 - R:localhost/127.0.0.1:57841]&apos; for &apos;POST&apos; to &apos;http://localhost:57841/session/1bac8435fb2c0ac8d04427977ac79627/element/c18b9fc9-6209-4e61-84b4-daf7d9a0825a/click&apos;
[DEBUG] Using open Channel [id: 0x4cf4ea7b, L:/127.0.0.1:63053 - R:localhost/127.0.0.1:57841] for POST &apos;/session/1bac8435fb2c0ac8d04427977ac79627/element/c18b9fc9-6209-4e61-84b4-daf7d9a0825a/click&apos;
[DEBUG] Entry count for : http://localhost:63054 : 1
[DEBUG] 

Request DefaultHttpRequest(decodeResult: success, version: HTTP/1.1)
POST /session/1bac8435fb2c0ac8d04427977ac79627/element/c18b9fc9-6209-4e61-84b4-daf7d9a0825a/click HTTP/1.1
User-Agent: selenium/4.5.0 (java windows)
Content-Length: 50
Content-Type: application/json; charset=utf-8
host: localhost:57841
accept: */*

Response DefaultHttpResponse(decodeResult: success, version: HTTP/1.1)
HTTP/1.1 200 OK
Content-Type: application/json; charset=utf-8
cache-control: no-cache
content-length: 14

[DEBUG] Adding key: http://localhost:57841 for channel [id: 0x4cf4ea7b, L:/127.0.0.1:63053 - R:localhost/127.0.0.1:57841]
[DEBUG] Using pooled Channel &apos;[id: 0x4cf4ea7b, L:/127.0.0.1:63053 - R:localhost/127.0.0.1:57841]&apos; for &apos;POST&apos; to &apos;http://localhost:57841/session/1bac8435fb2c0ac8d04427977ac79627/element&apos;
[DEBUG] Using open Channel [id: 0x4cf4ea7b, L:/127.0.0.1:63053 - R:localhost/127.0.0.1:57841] for POST &apos;/session/1bac8435fb2c0ac8d04427977ac79627/element&apos;
[DEBUG] 

Request DefaultHttpRequest(decodeResult: success, version: HTTP/1.1)
POST /session/1bac8435fb2c0ac8d04427977ac79627/element HTTP/1.1
User-Agent: selenium/4.5.0 (java windows)
Content-Length: 155
Content-Type: application/json; charset=utf-8
host: localhost:57841
accept: */*

Response DefaultHttpResponse(decodeResult: success, version: HTTP/1.1)
HTTP/1.1 200 OK
Content-Type: application/json; charset=utf-8
cache-control: no-cache
content-length: 88

[DEBUG] Adding key: http://localhost:57841 for channel [id: 0x4cf4ea7b, L:/127.0.0.1:63053 - R:localhost/127.0.0.1:57841]
[DEBUG] Using pooled Channel &apos;[id: 0x4cf4ea7b, L:/127.0.0.1:63053 - R:localhost/127.0.0.1:57841]&apos; for &apos;POST&apos; to &apos;http://localhost:57841/session/1bac8435fb2c0ac8d04427977ac79627/element/edd18c01-81ce-49b0-8165-417fd4180fce/click&apos;
[DEBUG] Using open Channel [id: 0x4cf4ea7b, L:/127.0.0.1:63053 - R:localhost/127.0.0.1:57841] for POST &apos;/session/1bac8435fb2c0ac8d04427977ac79627/element/edd18c01-81ce-49b0-8165-417fd4180fce/click&apos;
[DEBUG] Entry count for : http://localhost:63054 : 1
[DEBUG] Entry count for : http://localhost:63054 : 1
[DEBUG] Entry count for : http://localhost:63054 : 1
[DEBUG] Entry count for : http://localhost:63054 : 1
[DEBUG] 

Request DefaultHttpRequest(decodeResult: success, version: HTTP/1.1)
POST /session/1bac8435fb2c0ac8d04427977ac79627/element/edd18c01-81ce-49b0-8165-417fd4180fce/click HTTP/1.1
User-Agent: selenium/4.5.0 (java windows)
Content-Length: 50
Content-Type: application/json; charset=utf-8
host: localhost:57841
accept: */*

Response DefaultHttpResponse(decodeResult: success, version: HTTP/1.1)
HTTP/1.1 200 OK
Content-Type: application/json; charset=utf-8
cache-control: no-cache
content-length: 14

[DEBUG] Adding key: http://localhost:57841 for channel [id: 0x4cf4ea7b, L:/127.0.0.1:63053 - R:localhost/127.0.0.1:57841]
[DEBUG] Using pooled Channel &apos;[id: 0x4cf4ea7b, L:/127.0.0.1:63053 - R:localhost/127.0.0.1:57841]&apos; for &apos;POST&apos; to &apos;http://localhost:57841/session/1bac8435fb2c0ac8d04427977ac79627/element&apos;
[DEBUG] Using open Channel [id: 0x4cf4ea7b, L:/127.0.0.1:63053 - R:localhost/127.0.0.1:57841] for POST &apos;/session/1bac8435fb2c0ac8d04427977ac79627/element&apos;
[DEBUG] 

Request DefaultHttpRequest(decodeResult: success, version: HTTP/1.1)
POST /session/1bac8435fb2c0ac8d04427977ac79627/element HTTP/1.1
User-Agent: selenium/4.5.0 (java windows)
Content-Length: 74
Content-Type: application/json; charset=utf-8
host: localhost:57841
accept: */*

Response DefaultHttpResponse(decodeResult: success, version: HTTP/1.1)
HTTP/1.1 200 OK
Content-Type: application/json; charset=utf-8
cache-control: no-cache
content-length: 88

[DEBUG] Adding key: http://localhost:57841 for channel [id: 0x4cf4ea7b, L:/127.0.0.1:63053 - R:localhost/127.0.0.1:57841]
[DEBUG] Using pooled Channel &apos;[id: 0x4cf4ea7b, L:/127.0.0.1:63053 - R:localhost/127.0.0.1:57841]&apos; for &apos;POST&apos; to &apos;http://localhost:57841/session/1bac8435fb2c0ac8d04427977ac79627/element/74367078-af02-44d1-a994-728d96575aae/value&apos;
[DEBUG] Using open Channel [id: 0x4cf4ea7b, L:/127.0.0.1:63053 - R:localhost/127.0.0.1:57841] for POST &apos;/session/1bac8435fb2c0ac8d04427977ac79627/element/74367078-af02-44d1-a994-728d96575aae/value&apos;
[DEBUG] Entry count for : http://localhost:63054 : 1
[DEBUG] 

Request DefaultHttpRequest(decodeResult: success, version: HTTP/1.1)
POST /session/1bac8435fb2c0ac8d04427977ac79627/element/74367078-af02-44d1-a994-728d96575aae/value HTTP/1.1
User-Agent: selenium/4.5.0 (java windows)
Content-Length: 181
Content-Type: application/json; charset=utf-8
host: localhost:57841
accept: */*

Response DefaultHttpResponse(decodeResult: success, version: HTTP/1.1)
HTTP/1.1 200 OK
Content-Type: application/json; charset=utf-8
cache-control: no-cache
content-length: 14

[DEBUG] Adding key: http://localhost:57841 for channel [id: 0x4cf4ea7b, L:/127.0.0.1:63053 - R:localhost/127.0.0.1:57841]
[DEBUG] Using pooled Channel &apos;[id: 0x4cf4ea7b, L:/127.0.0.1:63053 - R:localhost/127.0.0.1:57841]&apos; for &apos;POST&apos; to &apos;http://localhost:57841/session/1bac8435fb2c0ac8d04427977ac79627/element&apos;
[DEBUG] Using open Channel [id: 0x4cf4ea7b, L:/127.0.0.1:63053 - R:localhost/127.0.0.1:57841] for POST &apos;/session/1bac8435fb2c0ac8d04427977ac79627/element&apos;
[DEBUG] 

Request DefaultHttpRequest(decodeResult: success, version: HTTP/1.1)
POST /session/1bac8435fb2c0ac8d04427977ac79627/element HTTP/1.1
User-Agent: selenium/4.5.0 (java windows)
Content-Length: 128
Content-Type: application/json; charset=utf-8
host: localhost:57841
accept: */*

Response DefaultHttpResponse(decodeResult: success, version: HTTP/1.1)
HTTP/1.1 200 OK
Content-Type: application/json; charset=utf-8
cache-control: no-cache
content-length: 88

[DEBUG] Adding key: http://localhost:57841 for channel [id: 0x4cf4ea7b, L:/127.0.0.1:63053 - R:localhost/127.0.0.1:57841]
[DEBUG] Using pooled Channel &apos;[id: 0x4cf4ea7b, L:/127.0.0.1:63053 - R:localhost/127.0.0.1:57841]&apos; for &apos;POST&apos; to &apos;http://localhost:57841/session/1bac8435fb2c0ac8d04427977ac79627/element/d2712c84-c8b0-4155-b521-f98c4d8afc15/click&apos;
[DEBUG] Using open Channel [id: 0x4cf4ea7b, L:/127.0.0.1:63053 - R:localhost/127.0.0.1:57841] for POST &apos;/session/1bac8435fb2c0ac8d04427977ac79627/element/d2712c84-c8b0-4155-b521-f98c4d8afc15/click&apos;
[DEBUG] Entry count for : http://localhost:63054 : 1
[DEBUG] 

Request DefaultHttpRequest(decodeResult: success, version: HTTP/1.1)
POST /session/1bac8435fb2c0ac8d04427977ac79627/element/d2712c84-c8b0-4155-b521-f98c4d8afc15/click HTTP/1.1
User-Agent: selenium/4.5.0 (java windows)
Content-Length: 50
Content-Type: application/json; charset=utf-8
host: localhost:57841
accept: */*

Response DefaultHttpResponse(decodeResult: success, version: HTTP/1.1)
HTTP/1.1 200 OK
Content-Type: application/json; charset=utf-8
cache-control: no-cache
content-length: 14

[DEBUG] Adding key: http://localhost:57841 for channel [id: 0x4cf4ea7b, L:/127.0.0.1:63053 - R:localhost/127.0.0.1:57841]
[DEBUG] Entry count for : http://localhost:63054 : 1
[DEBUG] Entry count for : http://localhost:57841 : 1
[DEBUG] Entry count for : http://localhost:63054 : 1
[DEBUG] Entry count for : http://localhost:57841 : 1
[DEBUG] Entry count for : http://localhost:63054 : 1
[DEBUG] Entry count for : http://localhost:57841 : 1
[DEBUG] Entry count for : http://localhost:63054 : 1
[DEBUG] Entry count for : http://localhost:57841 : 1
[DEBUG] Entry count for : http://localhost:63054 : 1
[DEBUG] Entry count for : http://localhost:57841 : 1
[DEBUG] Entry count for : http://localhost:63054 : 1
[DEBUG] Entry count for : http://localhost:57841 : 1
[DEBUG] Entry count for : http://localhost:63054 : 1
[DEBUG] Entry count for : http://localhost:57841 : 1
[DEBUG] Entry count for : http://localhost:63054 : 1
[DEBUG] Entry count for : http://localhost:57841 : 1
[DEBUG] Entry count for : http://localhost:63054 : 1
[DEBUG] Entry count for : http://localhost:57841 : 1
[DEBUG] Using pooled Channel &apos;[id: 0x4cf4ea7b, L:/127.0.0.1:63053 - R:localhost/127.0.0.1:57841]&apos; for &apos;POST&apos; to &apos;http://localhost:57841/session/1bac8435fb2c0ac8d04427977ac79627/element&apos;
[DEBUG] Using open Channel [id: 0x4cf4ea7b, L:/127.0.0.1:63053 - R:localhost/127.0.0.1:57841] for POST &apos;/session/1bac8435fb2c0ac8d04427977ac79627/element&apos;
[DEBUG] 

Request DefaultHttpRequest(decodeResult: success, version: HTTP/1.1)
POST /session/1bac8435fb2c0ac8d04427977ac79627/element HTTP/1.1
User-Agent: selenium/4.5.0 (java windows)
Content-Length: 128
Content-Type: application/json; charset=utf-8
host: localhost:57841
accept: */*

Response DefaultHttpResponse(decodeResult: success, version: HTTP/1.1)
HTTP/1.1 200 OK
Content-Type: application/json; charset=utf-8
cache-control: no-cache
content-length: 88

[DEBUG] Adding key: http://localhost:57841 for channel [id: 0x4cf4ea7b, L:/127.0.0.1:63053 - R:localhost/127.0.0.1:57841]
[DEBUG] Using pooled Channel &apos;[id: 0x4cf4ea7b, L:/127.0.0.1:63053 - R:localhost/127.0.0.1:57841]&apos; for &apos;POST&apos; to &apos;http://localhost:57841/session/1bac8435fb2c0ac8d04427977ac79627/element/d2712c84-c8b0-4155-b521-f98c4d8afc15/click&apos;
[DEBUG] Using open Channel [id: 0x4cf4ea7b, L:/127.0.0.1:63053 - R:localhost/127.0.0.1:57841] for POST &apos;/session/1bac8435fb2c0ac8d04427977ac79627/element/d2712c84-c8b0-4155-b521-f98c4d8afc15/click&apos;
[DEBUG] Entry count for : http://localhost:63054 : 1
[DEBUG] 

Request DefaultHttpRequest(decodeResult: success, version: HTTP/1.1)
POST /session/1bac8435fb2c0ac8d04427977ac79627/element/d2712c84-c8b0-4155-b521-f98c4d8afc15/click HTTP/1.1
User-Agent: selenium/4.5.0 (java windows)
Content-Length: 50
Content-Type: application/json; charset=utf-8
host: localhost:57841
accept: */*

Response DefaultHttpResponse(decodeResult: success, version: HTTP/1.1)
HTTP/1.1 200 OK
Content-Type: application/json; charset=utf-8
cache-control: no-cache
content-length: 14

[DEBUG] Adding key: http://localhost:57841 for channel [id: 0x4cf4ea7b, L:/127.0.0.1:63053 - R:localhost/127.0.0.1:57841]
[DEBUG] Entry count for : http://localhost:63054 : 1
[DEBUG] Entry count for : http://localhost:57841 : 1
[DEBUG] Entry count for : http://localhost:63054 : 1
[DEBUG] Entry count for : http://localhost:57841 : 1
[DEBUG] Entry count for : http://localhost:63054 : 1
[DEBUG] Entry count for : http://localhost:57841 : 1
[DEBUG] Entry count for : http://localhost:63054 : 1
[DEBUG] Entry count for : http://localhost:57841 : 1
[DEBUG] Entry count for : http://localhost:63054 : 1
[DEBUG] Entry count for : http://localhost:57841 : 1
[DEBUG] Entry count for : http://localhost:63054 : 1
[DEBUG] Entry count for : http://localhost:57841 : 1
[DEBUG] Entry count for : http://localhost:63054 : 1
[DEBUG] Entry count for : http://localhost:57841 : 1
[DEBUG] Using pooled Channel &apos;[id: 0x4cf4ea7b, L:/127.0.0.1:63053 - R:localhost/127.0.0.1:57841]&apos; for &apos;POST&apos; to &apos;http://localhost:57841/session/1bac8435fb2c0ac8d04427977ac79627/element&apos;
[DEBUG] Using open Channel [id: 0x4cf4ea7b, L:/127.0.0.1:63053 - R:localhost/127.0.0.1:57841] for POST &apos;/session/1bac8435fb2c0ac8d04427977ac79627/element&apos;
[DEBUG] 

Request DefaultHttpRequest(decodeResult: success, version: HTTP/1.1)
POST /session/1bac8435fb2c0ac8d04427977ac79627/element HTTP/1.1
User-Agent: selenium/4.5.0 (java windows)
Content-Length: 59
Content-Type: application/json; charset=utf-8
host: localhost:57841
accept: */*

Response DefaultHttpResponse(decodeResult: success, version: HTTP/1.1)
HTTP/1.1 200 OK
Content-Type: application/json; charset=utf-8
cache-control: no-cache
content-length: 88

[DEBUG] Adding key: http://localhost:57841 for channel [id: 0x4cf4ea7b, L:/127.0.0.1:63053 - R:localhost/127.0.0.1:57841]
[DEBUG] Using pooled Channel &apos;[id: 0x4cf4ea7b, L:/127.0.0.1:63053 - R:localhost/127.0.0.1:57841]&apos; for &apos;POST&apos; to &apos;http://localhost:57841/session/1bac8435fb2c0ac8d04427977ac79627/actions&apos;
[DEBUG] Using open Channel [id: 0x4cf4ea7b, L:/127.0.0.1:63053 - R:localhost/127.0.0.1:57841] for POST &apos;/session/1bac8435fb2c0ac8d04427977ac79627/actions&apos;
[DEBUG] Entry count for : http://localhost:63054 : 1
[DEBUG] 

Request DefaultHttpRequest(decodeResult: success, version: HTTP/1.1)
POST /session/1bac8435fb2c0ac8d04427977ac79627/actions HTTP/1.1
User-Agent: selenium/4.5.0 (java windows)
Content-Length: 630
Content-Type: application/json; charset=utf-8
host: localhost:57841
accept: */*

Response DefaultHttpResponse(decodeResult: success, version: HTTP/1.1)
HTTP/1.1 200 OK
Content-Type: application/json; charset=utf-8
cache-control: no-cache
content-length: 14

[DEBUG] Adding key: http://localhost:57841 for channel [id: 0x4cf4ea7b, L:/127.0.0.1:63053 - R:localhost/127.0.0.1:57841]
[DEBUG] Using pooled Channel &apos;[id: 0x4cf4ea7b, L:/127.0.0.1:63053 - R:localhost/127.0.0.1:57841]&apos; for &apos;POST&apos; to &apos;http://localhost:57841/session/1bac8435fb2c0ac8d04427977ac79627/element&apos;
[DEBUG] Using open Channel [id: 0x4cf4ea7b, L:/127.0.0.1:63053 - R:localhost/127.0.0.1:57841] for POST &apos;/session/1bac8435fb2c0ac8d04427977ac79627/element&apos;
[DEBUG] 

Request DefaultHttpRequest(decodeResult: success, version: HTTP/1.1)
POST /session/1bac8435fb2c0ac8d04427977ac79627/element HTTP/1.1
User-Agent: selenium/4.5.0 (java windows)
Content-Length: 59
Content-Type: application/json; charset=utf-8
host: localhost:57841
accept: */*

Response DefaultHttpResponse(decodeResult: success, version: HTTP/1.1)
HTTP/1.1 200 OK
Content-Type: application/json; charset=utf-8
cache-control: no-cache
content-length: 88

[DEBUG] Adding key: http://localhost:57841 for channel [id: 0x4cf4ea7b, L:/127.0.0.1:63053 - R:localhost/127.0.0.1:57841]
[DEBUG] Using pooled Channel &apos;[id: 0x4cf4ea7b, L:/127.0.0.1:63053 - R:localhost/127.0.0.1:57841]&apos; for &apos;POST&apos; to &apos;http://localhost:57841/session/1bac8435fb2c0ac8d04427977ac79627/element/057dea6c-5478-41cd-8227-f46bd387c371/value&apos;
[DEBUG] Using open Channel [id: 0x4cf4ea7b, L:/127.0.0.1:63053 - R:localhost/127.0.0.1:57841] for POST &apos;/session/1bac8435fb2c0ac8d04427977ac79627/element/057dea6c-5478-41cd-8227-f46bd387c371/value&apos;
[DEBUG] 

Request DefaultHttpRequest(decodeResult: success, version: HTTP/1.1)
POST /session/1bac8435fb2c0ac8d04427977ac79627/element/057dea6c-5478-41cd-8227-f46bd387c371/value HTTP/1.1
User-Agent: selenium/4.5.0 (java windows)
Content-Length: 111
Content-Type: application/json; charset=utf-8
host: localhost:57841
accept: */*

Response DefaultHttpResponse(decodeResult: success, version: HTTP/1.1)
HTTP/1.1 200 OK
Content-Type: application/json; charset=utf-8
cache-control: no-cache
content-length: 14

[DEBUG] Adding key: http://localhost:57841 for channel [id: 0x4cf4ea7b, L:/127.0.0.1:63053 - R:localhost/127.0.0.1:57841]
[DEBUG] Using pooled Channel &apos;[id: 0x4cf4ea7b, L:/127.0.0.1:63053 - R:localhost/127.0.0.1:57841]&apos; for &apos;POST&apos; to &apos;http://localhost:57841/session/1bac8435fb2c0ac8d04427977ac79627/actions&apos;
[DEBUG] Using open Channel [id: 0x4cf4ea7b, L:/127.0.0.1:63053 - R:localhost/127.0.0.1:57841] for POST &apos;/session/1bac8435fb2c0ac8d04427977ac79627/actions&apos;
[DEBUG] Entry count for : http://localhost:63054 : 1
[DEBUG] 

Request DefaultHttpRequest(decodeResult: success, version: HTTP/1.1)
POST /session/1bac8435fb2c0ac8d04427977ac79627/actions HTTP/1.1
User-Agent: selenium/4.5.0 (java windows)
Content-Length: 261
Content-Type: application/json; charset=utf-8
host: localhost:57841
accept: */*

Response DefaultHttpResponse(decodeResult: success, version: HTTP/1.1)
HTTP/1.1 200 OK
Content-Type: application/json; charset=utf-8
cache-control: no-cache
content-length: 14

[DEBUG] Adding key: http://localhost:57841 for channel [id: 0x4cf4ea7b, L:/127.0.0.1:63053 - R:localhost/127.0.0.1:57841]
[DEBUG] Entry count for : http://localhost:63054 : 1
[DEBUG] Entry count for : http://localhost:57841 : 1
[DEBUG] Entry count for : http://localhost:63054 : 1
[DEBUG] Entry count for : http://localhost:57841 : 1
[DEBUG] Using pooled Channel &apos;[id: 0x4cf4ea7b, L:/127.0.0.1:63053 - R:localhost/127.0.0.1:57841]&apos; for &apos;POST&apos; to &apos;http://localhost:57841/session/1bac8435fb2c0ac8d04427977ac79627/url&apos;
[DEBUG] Using open Channel [id: 0x4cf4ea7b, L:/127.0.0.1:63053 - R:localhost/127.0.0.1:57841] for POST &apos;/session/1bac8435fb2c0ac8d04427977ac79627/url&apos;
[DEBUG] Entry count for : http://localhost:63054 : 1
[DEBUG] Entry count for : http://localhost:63054 : 1
[DEBUG] Entry count for : http://localhost:63054 : 1
[DEBUG] Entry count for : http://localhost:63054 : 1
[DEBUG] Entry count for : http://localhost:63054 : 1
[DEBUG] Entry count for : http://localhost:63054 : 1
[DEBUG] Entry count for : http://localhost:63054 : 1
[DEBUG] 

Request DefaultHttpRequest(decodeResult: success, version: HTTP/1.1)
POST /session/1bac8435fb2c0ac8d04427977ac79627/url HTTP/1.1
User-Agent: selenium/4.5.0 (java windows)
Content-Length: 50
Content-Type: application/json; charset=utf-8
host: localhost:57841
accept: */*

Response DefaultHttpResponse(decodeResult: success, version: HTTP/1.1)
HTTP/1.1 200 OK
Content-Type: application/json; charset=utf-8
cache-control: no-cache
content-length: 14

[DEBUG] Adding key: http://localhost:57841 for channel [id: 0x4cf4ea7b, L:/127.0.0.1:63053 - R:localhost/127.0.0.1:57841]
[DEBUG] Using pooled Channel &apos;[id: 0x4cf4ea7b, L:/127.0.0.1:63053 - R:localhost/127.0.0.1:57841]&apos; for &apos;POST&apos; to &apos;http://localhost:57841/session/1bac8435fb2c0ac8d04427977ac79627/execute/sync&apos;
[DEBUG] Using open Channel [id: 0x4cf4ea7b, L:/127.0.0.1:63053 - R:localhost/127.0.0.1:57841] for POST &apos;/session/1bac8435fb2c0ac8d04427977ac79627/execute/sync&apos;
[DEBUG] 

Request DefaultHttpRequest(decodeResult: success, version: HTTP/1.1)
POST /session/1bac8435fb2c0ac8d04427977ac79627/execute/sync HTTP/1.1
User-Agent: selenium/4.5.0 (java windows)
Content-Length: 48
Content-Type: application/json; charset=utf-8
host: localhost:57841
accept: */*

Response DefaultHttpResponse(decodeResult: success, version: HTTP/1.1)
HTTP/1.1 200 OK
Content-Type: application/json; charset=utf-8
cache-control: no-cache
content-length: 14

[DEBUG] Adding key: http://localhost:57841 for channel [id: 0x4cf4ea7b, L:/127.0.0.1:63053 - R:localhost/127.0.0.1:57841]
[DEBUG] Using pooled Channel &apos;[id: 0x4cf4ea7b, L:/127.0.0.1:63053 - R:localhost/127.0.0.1:57841]&apos; for &apos;POST&apos; to &apos;http://localhost:57841/session/1bac8435fb2c0ac8d04427977ac79627/element&apos;
[DEBUG] Using open Channel [id: 0x4cf4ea7b, L:/127.0.0.1:63053 - R:localhost/127.0.0.1:57841] for POST &apos;/session/1bac8435fb2c0ac8d04427977ac79627/element&apos;
[DEBUG] Entry count for : http://localhost:63054 : 1
[DEBUG] 

Request DefaultHttpRequest(decodeResult: success, version: HTTP/1.1)
POST /session/1bac8435fb2c0ac8d04427977ac79627/element HTTP/1.1
User-Agent: selenium/4.5.0 (java windows)
Content-Length: 180
Content-Type: application/json; charset=utf-8
host: localhost:57841
accept: */*

Response DefaultHttpResponse(decodeResult: success, version: HTTP/1.1)
HTTP/1.1 200 OK
Content-Type: application/json; charset=utf-8
cache-control: no-cache
content-length: 88

[DEBUG] Adding key: http://localhost:57841 for channel [id: 0x4cf4ea7b, L:/127.0.0.1:63053 - R:localhost/127.0.0.1:57841]
[DEBUG] Using pooled Channel &apos;[id: 0x4cf4ea7b, L:/127.0.0.1:63053 - R:localhost/127.0.0.1:57841]&apos; for &apos;POST&apos; to &apos;http://localhost:57841/session/1bac8435fb2c0ac8d04427977ac79627/element/9002c59c-df5f-4690-8e0d-36dd9a81b0b3/click&apos;
[DEBUG] Using open Channel [id: 0x4cf4ea7b, L:/127.0.0.1:63053 - R:localhost/127.0.0.1:57841] for POST &apos;/session/1bac8435fb2c0ac8d04427977ac79627/element/9002c59c-df5f-4690-8e0d-36dd9a81b0b3/click&apos;
[DEBUG] Entry count for : http://localhost:63054 : 1
[DEBUG] 

Request DefaultHttpRequest(decodeResult: success, version: HTTP/1.1)
POST /session/1bac8435fb2c0ac8d04427977ac79627/element/9002c59c-df5f-4690-8e0d-36dd9a81b0b3/click HTTP/1.1
User-Agent: selenium/4.5.0 (java windows)
Content-Length: 50
Content-Type: application/json; charset=utf-8
host: localhost:57841
accept: */*

Response DefaultHttpResponse(decodeResult: success, version: HTTP/1.1)
HTTP/1.1 200 OK
Content-Type: application/json; charset=utf-8
cache-control: no-cache
content-length: 14

[DEBUG] Adding key: http://localhost:57841 for channel [id: 0x4cf4ea7b, L:/127.0.0.1:63053 - R:localhost/127.0.0.1:57841]
[DEBUG] Using pooled Channel &apos;[id: 0x4cf4ea7b, L:/127.0.0.1:63053 - R:localhost/127.0.0.1:57841]&apos; for &apos;POST&apos; to &apos;http://localhost:57841/session/1bac8435fb2c0ac8d04427977ac79627/timeouts&apos;
[DEBUG] Using open Channel [id: 0x4cf4ea7b, L:/127.0.0.1:63053 - R:localhost/127.0.0.1:57841] for POST &apos;/session/1bac8435fb2c0ac8d04427977ac79627/timeouts&apos;
[DEBUG] 

Request DefaultHttpRequest(decodeResult: success, version: HTTP/1.1)
POST /session/1bac8435fb2c0ac8d04427977ac79627/timeouts HTTP/1.1
User-Agent: selenium/4.5.0 (java windows)
Content-Length: 22
Content-Type: application/json; charset=utf-8
host: localhost:57841
accept: */*

Response DefaultHttpResponse(decodeResult: success, version: HTTP/1.1)
HTTP/1.1 200 OK
Content-Type: application/json; charset=utf-8
cache-control: no-cache
content-length: 14

[DEBUG] Adding key: http://localhost:57841 for channel [id: 0x4cf4ea7b, L:/127.0.0.1:63053 - R:localhost/127.0.0.1:57841]
[DEBUG] Using pooled Channel &apos;[id: 0x4cf4ea7b, L:/127.0.0.1:63053 - R:localhost/127.0.0.1:57841]&apos; for &apos;POST&apos; to &apos;http://localhost:57841/session/1bac8435fb2c0ac8d04427977ac79627/element&apos;
[DEBUG] Using open Channel [id: 0x4cf4ea7b, L:/127.0.0.1:63053 - R:localhost/127.0.0.1:57841] for POST &apos;/session/1bac8435fb2c0ac8d04427977ac79627/element&apos;
[DEBUG] Entry count for : http://localhost:63054 : 1
[DEBUG] Entry count for : http://localhost:63054 : 1
[DEBUG] 

Request DefaultHttpRequest(decodeResult: success, version: HTTP/1.1)
POST /session/1bac8435fb2c0ac8d04427977ac79627/element HTTP/1.1
User-Agent: selenium/4.5.0 (java windows)
Content-Length: 180
Content-Type: application/json; charset=utf-8
host: localhost:57841
accept: */*

Response DefaultHttpResponse(decodeResult: success, version: HTTP/1.1)
HTTP/1.1 200 OK
Content-Type: application/json; charset=utf-8
cache-control: no-cache
content-length: 88

[DEBUG] Adding key: http://localhost:57841 for channel [id: 0x4cf4ea7b, L:/127.0.0.1:63053 - R:localhost/127.0.0.1:57841]
[DEBUG] Using pooled Channel &apos;[id: 0x4cf4ea7b, L:/127.0.0.1:63053 - R:localhost/127.0.0.1:57841]&apos; for &apos;POST&apos; to &apos;http://localhost:57841/session/1bac8435fb2c0ac8d04427977ac79627/element/cadc99d7-3f10-4389-992b-1e0c6c60a10a/click&apos;
[DEBUG] Using open Channel [id: 0x4cf4ea7b, L:/127.0.0.1:63053 - R:localhost/127.0.0.1:57841] for POST &apos;/session/1bac8435fb2c0ac8d04427977ac79627/element/cadc99d7-3f10-4389-992b-1e0c6c60a10a/click&apos;
[DEBUG] Entry count for : http://localhost:63054 : 1
[DEBUG] Entry count for : http://localhost:63054 : 1
[DEBUG] 

Request DefaultHttpRequest(decodeResult: success, version: HTTP/1.1)
POST /session/1bac8435fb2c0ac8d04427977ac79627/element/cadc99d7-3f10-4389-992b-1e0c6c60a10a/click HTTP/1.1
User-Agent: selenium/4.5.0 (java windows)
Content-Length: 50
Content-Type: application/json; charset=utf-8
host: localhost:57841
accept: */*

Response DefaultHttpResponse(decodeResult: success, version: HTTP/1.1)
HTTP/1.1 200 OK
Content-Type: application/json; charset=utf-8
cache-control: no-cache
content-length: 14

[DEBUG] Adding key: http://localhost:57841 for channel [id: 0x4cf4ea7b, L:/127.0.0.1:63053 - R:localhost/127.0.0.1:57841]
[DEBUG] Using pooled Channel &apos;[id: 0x4cf4ea7b, L:/127.0.0.1:63053 - R:localhost/127.0.0.1:57841]&apos; for &apos;POST&apos; to &apos;http://localhost:57841/session/1bac8435fb2c0ac8d04427977ac79627/timeouts&apos;
[DEBUG] Using open Channel [id: 0x4cf4ea7b, L:/127.0.0.1:63053 - R:localhost/127.0.0.1:57841] for POST &apos;/session/1bac8435fb2c0ac8d04427977ac79627/timeouts&apos;
[DEBUG] 

Request DefaultHttpRequest(decodeResult: success, version: HTTP/1.1)
POST /session/1bac8435fb2c0ac8d04427977ac79627/timeouts HTTP/1.1
User-Agent: selenium/4.5.0 (java windows)
Content-Length: 22
Content-Type: application/json; charset=utf-8
host: localhost:57841
accept: */*

Response DefaultHttpResponse(decodeResult: success, version: HTTP/1.1)
HTTP/1.1 200 OK
Content-Type: application/json; charset=utf-8
cache-control: no-cache
content-length: 14

[DEBUG] Adding key: http://localhost:57841 for channel [id: 0x4cf4ea7b, L:/127.0.0.1:63053 - R:localhost/127.0.0.1:57841]
[DEBUG] Using pooled Channel &apos;[id: 0x4cf4ea7b, L:/127.0.0.1:63053 - R:localhost/127.0.0.1:57841]&apos; for &apos;POST&apos; to &apos;http://localhost:57841/session/1bac8435fb2c0ac8d04427977ac79627/element&apos;
[DEBUG] Using open Channel [id: 0x4cf4ea7b, L:/127.0.0.1:63053 - R:localhost/127.0.0.1:57841] for POST &apos;/session/1bac8435fb2c0ac8d04427977ac79627/element&apos;
[DEBUG] Entry count for : http://localhost:63054 : 1
[DEBUG] Entry count for : http://localhost:63054 : 1
[DEBUG] Entry count for : http://localhost:63054 : 1
[DEBUG] 

Request DefaultHttpRequest(decodeResult: success, version: HTTP/1.1)
POST /session/1bac8435fb2c0ac8d04427977ac79627/element HTTP/1.1
User-Agent: selenium/4.5.0 (java windows)
Content-Length: 237
Content-Type: application/json; charset=utf-8
host: localhost:57841
accept: */*

Response DefaultHttpResponse(decodeResult: success, version: HTTP/1.1)
HTTP/1.1 200 OK
Content-Type: application/json; charset=utf-8
cache-control: no-cache
content-length: 88

[DEBUG] Adding key: http://localhost:57841 for channel [id: 0x4cf4ea7b, L:/127.0.0.1:63053 - R:localhost/127.0.0.1:57841]
[DEBUG] Using pooled Channel &apos;[id: 0x4cf4ea7b, L:/127.0.0.1:63053 - R:localhost/127.0.0.1:57841]&apos; for &apos;POST&apos; to &apos;http://localhost:57841/session/1bac8435fb2c0ac8d04427977ac79627/execute/sync&apos;
[DEBUG] Using open Channel [id: 0x4cf4ea7b, L:/127.0.0.1:63053 - R:localhost/127.0.0.1:57841] for POST &apos;/session/1bac8435fb2c0ac8d04427977ac79627/execute/sync&apos;
[DEBUG] 

Request DefaultHttpRequest(decodeResult: success, version: HTTP/1.1)
POST /session/1bac8435fb2c0ac8d04427977ac79627/execute/sync HTTP/1.1
User-Agent: selenium/4.5.0 (java windows)
Content-Length: 215
Content-Type: application/json; charset=utf-8
host: localhost:57841
accept: */*

Response DefaultHttpResponse(decodeResult: success, version: HTTP/1.1)
HTTP/1.1 500 Internal Server Error
Content-Type: application/json; charset=utf-8
cache-control: no-cache
content-length: 1014

[DEBUG] Adding key: http://localhost:57841 for channel [id: 0x4cf4ea7b, L:/127.0.0.1:63053 - R:localhost/127.0.0.1:57841]
</system-out>
    <system-err>Starting ChromeDriver 102.0.5005.61 (0e59bcc00cc4985ce39ad31c150065f159d95ad3-refs/branch-heads/5005@{#819}) on port 57841
Only local connections are allowed.
Please see https://chromedriver.chromium.org/security-considerations for suggestions on keeping ChromeDriver safe.
ChromeDriver was started successfully.
Nov 03, 2022 5:14:27 PM org.openqa.selenium.remote.ProtocolHandshake createSession
INFO: Detected upstream dialect: W3C
Nov 03, 2022 5:14:27 PM org.openqa.selenium.devtools.CdpVersionFinder findNearestMatch
WARNING: Unable to find an exact match for CDP version 102, so returning the closest version found: a no-op implementation
Nov 03, 2022 5:14:27 PM org.openqa.selenium.devtools.CdpVersionFinder findNearestMatch
INFO: Unable to find CDP implementation matching 102.
Nov 03, 2022 5:14:27 PM org.openqa.selenium.chromium.ChromiumDriver lambda$new$3
WARNING: Unable to find version of CDP to use for . You may need to include a dependency on a specific version of the CDP using something similar to `org.seleniumhq.selenium:selenium-devtools-v86:4.5.0` where the version (&quot;v86&quot;) matches the version of the chromium-based browser you&apos;re using and the version number of the artifact is the same as Selenium&apos;s.
</system-err>
  </testcase>
</testsuite>