<?xml version="1.0" encoding="UTF-8"?>
<testng-results ignored="0" total="1" passed="1" failed="0" skipped="0">
  <reporter-output>
  </reporter-output>
  <suite started-at="2022-11-03T15:36:36 IST" name="test.FinalTest" finished-at="2022-11-03T15:38:04 IST" duration-ms="87880">
    <groups>
    </groups>
    <test started-at="2022-11-03T15:36:36 IST" name="Command line test" finished-at="2022-11-03T15:38:04 IST" duration-ms="87880">
      <class name="test.FinalTest">
        <test-method is-config="true" signature="beforeTest()[pri:0, instance:test.FinalTest@49c7b90e]" started-at="2022-11-03T15:36:36 IST" name="beforeTest" finished-at="2022-11-03T15:36:37 IST" duration-ms="994" status="PASS">
          <reporter-output>
          </reporter-output>
        </test-method> <!-- beforeTest -->
        <test-method signature="f()[pri:0, instance:test.FinalTest@49c7b90e]" started-at="2022-11-03T15:36:37 IST" name="f" finished-at="2022-11-03T15:38:02 IST" duration-ms="85146" status="PASS">
          <reporter-output>
          </reporter-output>
        </test-method> <!-- f -->
        <test-method is-config="true" signature="afterTest()[pri:0, instance:test.FinalTest@49c7b90e]" started-at="2022-11-03T15:38:02 IST" name="afterTest" finished-at="2022-11-03T15:38:04 IST" duration-ms="1584" status="PASS">
          <reporter-output>
          </reporter-output>
        </test-method> <!-- afterTest -->
      </class> <!-- test.FinalTest -->
    </test> <!-- Command line test -->
  </suite> <!-- test.FinalTest -->
</testng-results>
